#
# A fatal error has been detected by the Java Runtime Environment:
#
#  EXCEPTION_ACCESS_VIOLATION (0xc0000005) at pc=0x000000007110b5db, pid=300, tid=2172
#
# JRE version: Java(TM) SE Runtime Environment (10.0.2+13) (build 10.0.2+13)
# Java VM: Java HotSpot(TM) 64-Bit Server VM (10.0.2+13, mixed mode, tiered, compressed oops, g1 gc, windows-amd64)
# Problematic frame:
# C  [jSSC-2.8_x86_64.dll+0xb5db]
#
# No core dump will be written. Minidumps are not enabled by default on client versions of Windows
#
# If you would like to submit a bug report, please visit:
#   http://bugreport.java.com/bugreport/crash.jsp
# The crash happened outside the Java Virtual Machine in native code.
# See problematic frame for where to report the bug.
#

---------------  S U M M A R Y ------------

Command Line: -Dfile.encoding=UTF-8 Ventanas.Principal

Host: Intel(R) Core(TM) i5-5200U CPU @ 2.20GHz, 4 cores, 5G,  Windows 10 , 64 bit Build 17763 (10.0.17763.437)
Time: Thu Apr 18 20:55:16 2019 Hora de verano central (México) elapsed time: 13 seconds (0d 0h 0m 13s)

---------------  T H R E A D  ---------------

Current thread (0x00000235571d2000):  JavaThread "AWT-EventQueue-0" [_thread_in_native, id=2172, stack(0x000000dda9100000,0x000000dda9200000)]

Stack: [0x000000dda9100000,0x000000dda9200000],  sp=0x000000dda91faed0,  free space=1003k
Native frames: (J=compiled Java code, j=interpreted, Vv=VM code, C=native code)
C  [jSSC-2.8_x86_64.dll+0xb5db]

Java frames: (J=compiled Java code, j=interpreted, Vv=VM code)
j  jssc.SerialNativeInterface.openPort(Ljava/lang/String;Z)J+0
j  jssc.SerialPort.openPort()Z+65
j  com.panamahitek.PanamaHitek_Arduino.arduinoRXTX(Ljava/lang/String;ILjssc/SerialPortEventListener;)V+58
j  Conexiones.Arduino.conectar(Ljava/lang/String;)V+14
j  Ventanas.Inicio$11.actionPerformed(Ljava/awt/event/ActionEvent;)V+38
j  javax.swing.AbstractButton.fireActionPerformed(Ljava/awt/event/ActionEvent;)V+83 java.desktop@10.0.2
j  javax.swing.AbstractButton$Handler.actionPerformed(Ljava/awt/event/ActionEvent;)V+5 java.desktop@10.0.2
j  javax.swing.DefaultButtonModel.fireActionPerformed(Ljava/awt/event/ActionEvent;)V+34 java.desktop@10.0.2
j  javax.swing.DefaultButtonModel.setPressed(Z)V+117 java.desktop@10.0.2
j  javax.swing.plaf.basic.BasicButtonListener.mouseReleased(Ljava/awt/event/MouseEvent;)V+35 java.desktop@10.0.2
j  java.awt.Component.processMouseEvent(Ljava/awt/event/MouseEvent;)V+64 java.desktop@10.0.2
j  javax.swing.JComponent.processMouseEvent(Ljava/awt/event/MouseEvent;)V+23 java.desktop@10.0.2
j  java.awt.Component.processEvent(Ljava/awt/AWTEvent;)V+81 java.desktop@10.0.2
j  java.awt.Container.processEvent(Ljava/awt/AWTEvent;)V+18 java.desktop@10.0.2
j  java.awt.Component.dispatchEventImpl(Ljava/awt/AWTEvent;)V+496 java.desktop@10.0.2
j  java.awt.Container.dispatchEventImpl(Ljava/awt/AWTEvent;)V+42 java.desktop@10.0.2
j  java.awt.Component.dispatchEvent(Ljava/awt/AWTEvent;)V+2 java.desktop@10.0.2
j  java.awt.LightweightDispatcher.retargetMouseEvent(Ljava/awt/Component;ILjava/awt/event/MouseEvent;)V+349 java.desktop@10.0.2
j  java.awt.LightweightDispatcher.processMouseEvent(Ljava/awt/event/MouseEvent;)Z+155 java.desktop@10.0.2
j  java.awt.LightweightDispatcher.dispatchEvent(Ljava/awt/AWTEvent;)Z+50 java.desktop@10.0.2
j  java.awt.Container.dispatchEventImpl(Ljava/awt/AWTEvent;)V+12 java.desktop@10.0.2
j  java.awt.Window.dispatchEventImpl(Ljava/awt/AWTEvent;)V+19 java.desktop@10.0.2
j  java.awt.Component.dispatchEvent(Ljava/awt/AWTEvent;)V+2 java.desktop@10.0.2
j  java.awt.EventQueue.dispatchEventImpl(Ljava/awt/AWTEvent;Ljava/lang/Object;)V+41 java.desktop@10.0.2
j  java.awt.EventQueue.access$600(Ljava/awt/EventQueue;Ljava/awt/AWTEvent;Ljava/lang/Object;)V+3 java.desktop@10.0.2
j  java.awt.EventQueue$4.run()Ljava/lang/Void;+32 java.desktop@10.0.2
J 1572 c1 java.awt.EventQueue$4.run()Ljava/lang/Object; java.desktop@10.0.2 (5 bytes) @ 0x0000023541381744 [0x00000235413816c0+0x0000000000000084]
v  ~StubRoutines::call_stub
J 783  java.security.AccessController.doPrivileged(Ljava/security/PrivilegedAction;Ljava/security/AccessControlContext;)Ljava/lang/Object; java.base@10.0.2 (0 bytes) @ 0x00000235488fa7a6 [0x00000235488fa740+0x0000000000000066]
J 1500 c1 java.security.ProtectionDomain$JavaSecurityAccessImpl.doIntersectionPrivilege(Ljava/security/PrivilegedAction;Ljava/security/AccessControlContext;Ljava/security/AccessControlContext;)Ljava/lang/Object; java.base@10.0.2 (22 bytes) @ 0x0000023541635534 [0x0000023541635220+0x0000000000000314]
j  java.security.ProtectionDomain$JavaSecurityAccessImpl.doIntersectionPrivilege(Ljava/security/PrivilegedAction;Ljava/security/AccessControlContext;)Ljava/lang/Object;+6 java.base@10.0.2
j  java.awt.EventQueue$5.run()Ljava/lang/Void;+11 java.desktop@10.0.2
j  java.awt.EventQueue$5.run()Ljava/lang/Object;+1 java.desktop@10.0.2
v  ~StubRoutines::call_stub
J 783  java.security.AccessController.doPrivileged(Ljava/security/PrivilegedAction;Ljava/security/AccessControlContext;)Ljava/lang/Object; java.base@10.0.2 (0 bytes) @ 0x00000235488fa7a6 [0x00000235488fa740+0x0000000000000066]
J 1570 c1 java.awt.EventQueue.dispatchEvent(Ljava/awt/AWTEvent;)V java.desktop@10.0.2 (80 bytes) @ 0x00000235413a40fc [0x00000235413a3620+0x0000000000000adc]
j  java.awt.EventDispatchThread.pumpOneEventForFilters(I)V+78 java.desktop@10.0.2
j  java.awt.EventDispatchThread.pumpEventsForFilter(ILjava/awt/Conditional;Ljava/awt/EventFilter;)V+35 java.desktop@10.0.2
j  java.awt.EventDispatchThread.pumpEventsForHierarchy(ILjava/awt/Conditional;Ljava/awt/Component;)V+11 java.desktop@10.0.2
j  java.awt.EventDispatchThread.pumpEvents(ILjava/awt/Conditional;)V+4 java.desktop@10.0.2
j  java.awt.EventDispatchThread.pumpEvents(Ljava/awt/Conditional;)V+3 java.desktop@10.0.2
j  java.awt.EventDispatchThread.run()V+9 java.desktop@10.0.2
v  ~StubRoutines::call_stub

siginfo: EXCEPTION_ACCESS_VIOLATION (0xc0000005), reading address 0x00000000591273f5


Register to memory mapping:

RIP=0x000000007110b5db jSSC-2.8_x86_64.dll
RAX=0x00000000591273f5 is an unknown value
RBX=0x000000dda91faf40 is pointing into the stack for thread: 0x00000235571d2000
RCX=0x00007ff82a91f874 ntdll.dll
RDX=0x0000000000000000 is an unknown value
RSP=0x000000dda91faed0 is pointing into the stack for thread: 0x00000235571d2000
RBP=0x000000dda91fb050 is pointing into the stack for thread: 0x00000235571d2000
RSI=0x00000235571d2270 is an unknown value
RDI=0x00000000000009e0 is an unknown value
R8 =0x000000dda91fadc8 is pointing into the stack for thread: 0x00000235571d2000
R9 =0x000000dda91faec0 is pointing into the stack for thread: 0x00000235571d2000
R10=0x0000000000000000 is an unknown value
R11=0x0000000000000246 is an unknown value
R12=0x000000dda91fb108 is pointing into the stack for thread: 0x00000235571d2000
R13=0x00000235572aa450 is an unknown value
R14=0x000000dda91fb000 is pointing into the stack for thread: 0x00000235571d2000
R15=0x00000235571d2000 is a thread


Registers:
RAX=0x00000000591273f5, RBX=0x000000dda91faf40, RCX=0x00007ff82a91f874, RDX=0x0000000000000000
RSP=0x000000dda91faed0, RBP=0x000000dda91fb050, RSI=0x00000235571d2270, RDI=0x00000000000009e0
R8 =0x000000dda91fadc8, R9 =0x000000dda91faec0, R10=0x0000000000000000, R11=0x0000000000000246
R12=0x000000dda91fb108, R13=0x00000235572aa450, R14=0x000000dda91fb000, R15=0x00000235571d2000
RIP=0x000000007110b5db, EFLAGS=0x0000000000010206

Top of Stack: (sp=0x000000dda91faed0)
0x000000dda91faed0:   000000dda91faef8 00007ff800000000
0x000000dda91faee0:   000000007110b230 00007ff82a89267d
0x000000dda91faef0:   000000dda91fb108 0000000000000004
0x000000dda91faf00:   00000235571d2270 00000000000009e0
0x000000dda91faf10:   000000dda91fb050 0000000071112590
0x000000dda91faf20:   000000dda91faf80 000000dd00000000
0x000000dda91faf30:   00000000c0000000 0000000000000000
0x000000dda91faf40:   00000000000009e0 00007ff826dfe22c
0x000000dda91faf50:   000000dda91fb000 00000235572aa450
0x000000dda91faf60:   000000dda91fb108 00000000000009e0
0x000000dda91faf70:   0000000071113500 0000000071113be8
0x000000dda91faf80:   000000dda91fafb0 0000000071112641
0x000000dda91faf90:   000000dda91faf20 0000000000000000
0x000000dda91fafa0:   0000000000000000 0000000000000000
0x000000dda91fafb0:   000000dda91fb050 0000000071101595
0x000000dda91fafc0:   000000000000001c 00000235571d2270 

Instructions: (pc=0x000000007110b5db)
0x000000007110b5bb:   c5 0f 1f 40 00 55 57 56 53 48 83 ec 28 48 8b 05
0x000000007110b5cb:   39 33 01 00 48 89 cb 48 85 c0 0f 84 c5 00 00 00
0x000000007110b5db:   8b 38 85 ff 0f 88 ab 00 00 00 48 8b 05 1c 33 01
0x000000007110b5eb:   00 48 85 c0 0f 84 bc 00 00 00 8b 30 85 f6 74 57 



---------------  P R O C E S S  ---------------

Threads class SMR info:
_java_thread_list=0x00000235577de060, length=17, elements={
0x0000023556292000, 0x00000235562a9800, 0x00000235562ac000, 0x00000235562ac800,
0x00000235562fc800, 0x00000235562fd000, 0x0000023556301000, 0x0000023556302000,
0x0000023556e20800, 0x0000023556e47000, 0x0000023557136800, 0x00000235571d7800,
0x00000235571d3800, 0x00000235571d2000, 0x00000235571d2800, 0x00000235571d6000,
0x00000235571d0800
}

Java Threads: ( => current thread )
  0x0000023556292000 JavaThread "Reference Handler" daemon [_thread_blocked, id=8792, stack(0x000000dda8200000,0x000000dda8300000)]
  0x00000235562a9800 JavaThread "Finalizer" daemon [_thread_blocked, id=6188, stack(0x000000dda8300000,0x000000dda8400000)]
  0x00000235562ac000 JavaThread "Signal Dispatcher" daemon [_thread_blocked, id=4588, stack(0x000000dda8400000,0x000000dda8500000)]
  0x00000235562ac800 JavaThread "Attach Listener" daemon [_thread_blocked, id=12068, stack(0x000000dda8500000,0x000000dda8600000)]
  0x00000235562fc800 JavaThread "C2 CompilerThread0" daemon [_thread_blocked, id=10212, stack(0x000000dda8600000,0x000000dda8700000)]
  0x00000235562fd000 JavaThread "C2 CompilerThread1" daemon [_thread_blocked, id=8540, stack(0x000000dda8700000,0x000000dda8800000)]
  0x0000023556301000 JavaThread "C1 CompilerThread2" daemon [_thread_blocked, id=6784, stack(0x000000dda8800000,0x000000dda8900000)]
  0x0000023556302000 JavaThread "Sweeper thread" daemon [_thread_blocked, id=548, stack(0x000000dda8900000,0x000000dda8a00000)]
  0x0000023556e20800 JavaThread "Service Thread" daemon [_thread_blocked, id=3508, stack(0x000000dda8a00000,0x000000dda8b00000)]
  0x0000023556e47000 JavaThread "Common-Cleaner" daemon [_thread_blocked, id=7952, stack(0x000000dda8b00000,0x000000dda8c00000)]
  0x0000023557136800 JavaThread "Java2D Disposer" daemon [_thread_blocked, id=6384, stack(0x000000dda8d00000,0x000000dda8e00000)]
  0x00000235571d7800 JavaThread "AWT-Shutdown" [_thread_blocked, id=2916, stack(0x000000dda8e00000,0x000000dda8f00000)]
  0x00000235571d3800 JavaThread "AWT-Windows" daemon [_thread_in_native, id=4956, stack(0x000000dda8f00000,0x000000dda9000000)]
=>0x00000235571d2000 JavaThread "AWT-EventQueue-0" [_thread_in_native, id=2172, stack(0x000000dda9100000,0x000000dda9200000)]
  0x00000235571d2800 JavaThread "Swing-Shell" daemon [_thread_blocked, id=10836, stack(0x000000dda9200000,0x000000dda9300000)]
  0x00000235571d6000 JavaThread "DestroyJavaVM" [_thread_blocked, id=10448, stack(0x000000dda7500000,0x000000dda7600000)]
  0x00000235571d0800 JavaThread "TimerQueue" daemon [_thread_blocked, id=9704, stack(0x000000dda9700000,0x000000dda9800000)]

Other Threads:
  0x000002355628e000 VMThread "VM Thread" [stack: 0x000000dda8100000,0x000000dda8200000] [id=11976]
  0x0000023556e47800 WatcherThread [stack: 0x000000dda8c00000,0x000000dda8d00000] [id=1016]
  0x000002353427d000 GCTaskThread "GC Thread#0" [stack: 0x000000dda7600000,0x000000dda7700000] [id=7112]
  0x000002353427e800 GCTaskThread "GC Thread#1" [stack: 0x000000dda7700000,0x000000dda7800000] [id=1884]
  0x0000023534284800 GCTaskThread "GC Thread#2" [stack: 0x000000dda7800000,0x000000dda7900000] [id=8196]
  0x0000023534287800 GCTaskThread "GC Thread#3" [stack: 0x000000dda7900000,0x000000dda7a00000] [id=1424]
  0x00000235342dc800 ConcurrentGCThread "G1 Main Marker" [stack: 0x000000dda7a00000,0x000000dda7b00000] [id=11236]
  0x00000235342e1800 ConcurrentGCThread "G1 Conc#0" [stack: 0x000000dda7b00000,0x000000dda7c00000] [id=5000]
  0x0000023556120800 ConcurrentGCThread "G1 Refine#0" [stack: 0x000000dda7c00000,0x000000dda7d00000] [id=7788]
  0x0000023556121800 ConcurrentGCThread "G1 Refine#1" [stack: 0x000000dda7d00000,0x000000dda7e00000] [id=7764]
  0x000002353433d800 ConcurrentGCThread "G1 Refine#2" [stack: 0x000000dda7e00000,0x000000dda7f00000] [id=11052]
  0x0000023556122000 ConcurrentGCThread "G1 Refine#3" [stack: 0x000000dda7f00000,0x000000dda8000000] [id=9840]
  0x0000023556125000 ConcurrentGCThread "G1 Young RemSet Sampling" [stack: 0x000000dda8000000,0x000000dda8100000] [id=7108]

Threads with active compile tasks:

VM state:not at safepoint (normal execution)

VM Mutex/Monitor currently owned by a thread: None

Heap address: 0x00000000a1400000, size: 1516 MB, Compressed Oops mode: 32-bit
Narrow klass base: 0x0000000000000000, Narrow klass shift: 3
Compressed class space size: 1073741824 Address: 0x0000000100000000

Heap:
 garbage-first heap   total 98304K, used 30622K [0x00000000a1400000, 0x0000000100000000)
  region size 1024K, 4 young (4096K), 2 survivors (2048K)
 Metaspace       used 19414K, capacity 19849K, committed 20352K, reserved 1067008K
  class space    used 2107K, capacity 2328K, committed 2432K, reserved 1048576K
Heap Regions: E=young(eden), S=young(survivor), O=old, HS=humongous(starts), HC=humongous(continues), CS=collection set, F=free, A=archive, TS=gc time stamp, AC=allocation context, TAMS=top-at-mark-start (previous, next)
|   0|0x00000000a1400000, 0x00000000a1500000, 0x00000000a1500000|100%|HS|  |TS  0|AC  0|TAMS 0x00000000a1400000, 0x00000000a1400000|
|   1|0x00000000a1500000, 0x00000000a1600000, 0x00000000a1600000|100%|HC|  |TS  0|AC  0|TAMS 0x00000000a1500000, 0x00000000a1500000|
|   2|0x00000000a1600000, 0x00000000a1700000, 0x00000000a1700000|100%|HC|  |TS  0|AC  0|TAMS 0x00000000a1600000, 0x00000000a1600000|
|   3|0x00000000a1700000, 0x00000000a1800000, 0x00000000a1800000|100%|HC|  |TS  0|AC  0|TAMS 0x00000000a1700000, 0x00000000a1700000|
|   4|0x00000000a1800000, 0x00000000a1900000, 0x00000000a1900000|100%|HC|  |TS  0|AC  0|TAMS 0x00000000a1800000, 0x00000000a1800000|
|   5|0x00000000a1900000, 0x00000000a1a00000, 0x00000000a1a00000|100%|HC|  |TS  0|AC  0|TAMS 0x00000000a1900000, 0x00000000a1900000|
|   6|0x00000000a1a00000, 0x00000000a1b00000, 0x00000000a1b00000|100%|HC|  |TS  0|AC  0|TAMS 0x00000000a1a00000, 0x00000000a1a00000|
|   7|0x00000000a1b00000, 0x00000000a1c00000, 0x00000000a1c00000|100%|HC|  |TS  0|AC  0|TAMS 0x00000000a1b00000, 0x00000000a1b00000|
|   8|0x00000000a1c00000, 0x00000000a1d00000, 0x00000000a1d00000|100%|HC|  |TS  0|AC  0|TAMS 0x00000000a1c00000, 0x00000000a1c00000|
|   9|0x00000000a1d00000, 0x00000000a1e00000, 0x00000000a1e00000|100%| O|  |TS  2|AC  0|TAMS 0x00000000a1d00000, 0x00000000a1d00000|
|  10|0x00000000a1e00000, 0x00000000a1f00000, 0x00000000a1f00000|100%|HS|  |TS  0|AC  0|TAMS 0x00000000a1e00000, 0x00000000a1e00000|
|  11|0x00000000a1f00000, 0x00000000a2000000, 0x00000000a2000000|100%|HC|  |TS  0|AC  0|TAMS 0x00000000a1f00000, 0x00000000a1f00000|
|  12|0x00000000a2000000, 0x00000000a2100000, 0x00000000a2100000|100%|HC|  |TS  0|AC  0|TAMS 0x00000000a2000000, 0x00000000a2000000|
|  13|0x00000000a2100000, 0x00000000a2200000, 0x00000000a2200000|100%|HC|  |TS  0|AC  0|TAMS 0x00000000a2100000, 0x00000000a2100000|
|  14|0x00000000a2200000, 0x00000000a2300000, 0x00000000a2300000|100%|HC|  |TS  0|AC  0|TAMS 0x00000000a2200000, 0x00000000a2200000|
|  15|0x00000000a2300000, 0x00000000a2400000, 0x00000000a2400000|100%|HC|  |TS  0|AC  0|TAMS 0x00000000a2300000, 0x00000000a2300000|
|  16|0x00000000a2400000, 0x00000000a2500000, 0x00000000a2500000|100%|HC|  |TS  0|AC  0|TAMS 0x00000000a2400000, 0x00000000a2400000|
|  17|0x00000000a2500000, 0x00000000a2500000, 0x00000000a2600000|  0%| F|  |TS  2|AC  0|TAMS 0x00000000a2500000, 0x00000000a2500000|
|  18|0x00000000a2600000, 0x00000000a2600000, 0x00000000a2700000|  0%| F|  |TS  2|AC  0|TAMS 0x00000000a2600000, 0x00000000a2600000|
|  19|0x00000000a2700000, 0x00000000a2700000, 0x00000000a2800000|  0%| F|  |TS  2|AC  0|TAMS 0x00000000a2700000, 0x00000000a2700000|
|  20|0x00000000a2800000, 0x00000000a2800000, 0x00000000a2900000|  0%| F|  |TS  2|AC  0|TAMS 0x00000000a2800000, 0x00000000a2800000|
|  21|0x00000000a2900000, 0x00000000a2900000, 0x00000000a2a00000|  0%| F|  |TS  2|AC  0|TAMS 0x00000000a2900000, 0x00000000a2900000|
|  22|0x00000000a2a00000, 0x00000000a2b00000, 0x00000000a2b00000|100%|HS|  |TS  0|AC  0|TAMS 0x00000000a2a00000, 0x00000000a2a00000|
|  23|0x00000000a2b00000, 0x00000000a2c00000, 0x00000000a2c00000|100%|HC|  |TS  0|AC  0|TAMS 0x00000000a2b00000, 0x00000000a2b00000|
|  24|0x00000000a2c00000, 0x00000000a2d00000, 0x00000000a2d00000|100%|HC|  |TS  0|AC  0|TAMS 0x00000000a2c00000, 0x00000000a2c00000|
|  25|0x00000000a2d00000, 0x00000000a2e00000, 0x00000000a2e00000|100%|HC|  |TS  0|AC  0|TAMS 0x00000000a2d00000, 0x00000000a2d00000|
|  26|0x00000000a2e00000, 0x00000000a2f00000, 0x00000000a2f00000|100%|HC|  |TS  0|AC  0|TAMS 0x00000000a2e00000, 0x00000000a2e00000|
|  27|0x00000000a2f00000, 0x00000000a3000000, 0x00000000a3000000|100%|HS|  |TS  0|AC  0|TAMS 0x00000000a2f00000, 0x00000000a2f00000|
|  28|0x00000000a3000000, 0x00000000a3100000, 0x00000000a3100000|100%|HC|  |TS  0|AC  0|TAMS 0x00000000a3000000, 0x00000000a3000000|
|  29|0x00000000a3100000, 0x00000000a3200000, 0x00000000a3200000|100%|HC|  |TS  0|AC  0|TAMS 0x00000000a3100000, 0x00000000a3100000|
|  30|0x00000000a3200000, 0x00000000a3300000, 0x00000000a3300000|100%|HC|  |TS  0|AC  0|TAMS 0x00000000a3200000, 0x00000000a3200000|
|  31|0x00000000a3300000, 0x00000000a3400000, 0x00000000a3400000|100%| O|  |TS  2|AC  0|TAMS 0x00000000a3300000, 0x00000000a3300000|
|  32|0x00000000a3400000, 0x00000000a348a000, 0x00000000a3500000| 53%| O|  |TS  2|AC  0|TAMS 0x00000000a3400000, 0x00000000a3400000|
|  33|0x00000000a3500000, 0x00000000a3500000, 0x00000000a3600000|  0%| F|  |TS  0|AC  0|TAMS 0x00000000a3500000, 0x00000000a3500000|
|  34|0x00000000a3600000, 0x00000000a3600000, 0x00000000a3700000|  0%| F|  |TS  0|AC  0|TAMS 0x00000000a3600000, 0x00000000a3600000|
|  35|0x00000000a3700000, 0x00000000a3700000, 0x00000000a3800000|  0%| F|  |TS  0|AC  0|TAMS 0x00000000a3700000, 0x00000000a3700000|
|  36|0x00000000a3800000, 0x00000000a3800000, 0x00000000a3900000|  0%| F|  |TS  0|AC  0|TAMS 0x00000000a3800000, 0x00000000a3800000|
|  37|0x00000000a3900000, 0x00000000a3900000, 0x00000000a3a00000|  0%| F|  |TS  0|AC  0|TAMS 0x00000000a3900000, 0x00000000a3900000|
|  38|0x00000000a3a00000, 0x00000000a3a00000, 0x00000000a3b00000|  0%| F|  |TS  0|AC  0|TAMS 0x00000000a3a00000, 0x00000000a3a00000|
|  39|0x00000000a3b00000, 0x00000000a3b00000, 0x00000000a3c00000|  0%| F|  |TS  0|AC  0|TAMS 0x00000000a3b00000, 0x00000000a3b00000|
|  40|0x00000000a3c00000, 0x00000000a3c00000, 0x00000000a3d00000|  0%| F|  |TS  0|AC  0|TAMS 0x00000000a3c00000, 0x00000000a3c00000|
|  41|0x00000000a3d00000, 0x00000000a3d00000, 0x00000000a3e00000|  0%| F|  |TS  0|AC  0|TAMS 0x00000000a3d00000, 0x00000000a3d00000|
|  42|0x00000000a3e00000, 0x00000000a3e00000, 0x00000000a3f00000|  0%| F|  |TS  0|AC  0|TAMS 0x00000000a3e00000, 0x00000000a3e00000|
|  43|0x00000000a3f00000, 0x00000000a3f00000, 0x00000000a4000000|  0%| F|  |TS  0|AC  0|TAMS 0x00000000a3f00000, 0x00000000a3f00000|
|  44|0x00000000a4000000, 0x00000000a4000000, 0x00000000a4100000|  0%| F|  |TS  0|AC  0|TAMS 0x00000000a4000000, 0x00000000a4000000|
|  45|0x00000000a4100000, 0x00000000a4100000, 0x00000000a4200000|  0%| F|  |TS  0|AC  0|TAMS 0x00000000a4100000, 0x00000000a4100000|
|  46|0x00000000a4200000, 0x00000000a4200000, 0x00000000a4300000|  0%| F|  |TS  0|AC  0|TAMS 0x00000000a4200000, 0x00000000a4200000|
|  47|0x00000000a4300000, 0x00000000a4300000, 0x00000000a4400000|  0%| F|  |TS  0|AC  0|TAMS 0x00000000a4300000, 0x00000000a4300000|
|  48|0x00000000a4400000, 0x00000000a4400000, 0x00000000a4500000|  0%| F|  |TS  0|AC  0|TAMS 0x00000000a4400000, 0x00000000a4400000|
|  49|0x00000000a4500000, 0x00000000a4500000, 0x00000000a4600000|  0%| F|  |TS  0|AC  0|TAMS 0x00000000a4500000, 0x00000000a4500000|
|  50|0x00000000a4600000, 0x00000000a4600000, 0x00000000a4700000|  0%| F|  |TS  0|AC  0|TAMS 0x00000000a4600000, 0x00000000a4600000|
|  51|0x00000000a4700000, 0x00000000a4700000, 0x00000000a4800000|  0%| F|  |TS  0|AC  0|TAMS 0x00000000a4700000, 0x00000000a4700000|
|  52|0x00000000a4800000, 0x00000000a4800000, 0x00000000a4900000|  0%| F|  |TS  0|AC  0|TAMS 0x00000000a4800000, 0x00000000a4800000|
|  53|0x00000000a4900000, 0x00000000a4900000, 0x00000000a4a00000|  0%| F|  |TS  0|AC  0|TAMS 0x00000000a4900000, 0x00000000a4900000|
|  54|0x00000000a4a00000, 0x00000000a4a00000, 0x00000000a4b00000|  0%| F|  |TS  0|AC  0|TAMS 0x00000000a4a00000, 0x00000000a4a00000|
|  55|0x00000000a4b00000, 0x00000000a4b00000, 0x00000000a4c00000|  0%| F|  |TS  0|AC  0|TAMS 0x00000000a4b00000, 0x00000000a4b00000|
|  56|0x00000000a4c00000, 0x00000000a4c00000, 0x00000000a4d00000|  0%| F|  |TS  0|AC  0|TAMS 0x00000000a4c00000, 0x00000000a4c00000|
|  57|0x00000000a4d00000, 0x00000000a4d00000, 0x00000000a4e00000|  0%| F|  |TS  0|AC  0|TAMS 0x00000000a4d00000, 0x00000000a4d00000|
|  58|0x00000000a4e00000, 0x00000000a4e00000, 0x00000000a4f00000|  0%| F|  |TS  0|AC  0|TAMS 0x00000000a4e00000, 0x00000000a4e00000|
|  59|0x00000000a4f00000, 0x00000000a4f00000, 0x00000000a5000000|  0%| F|  |TS  0|AC  0|TAMS 0x00000000a4f00000, 0x00000000a4f00000|
|  60|0x00000000a5000000, 0x00000000a5000000, 0x00000000a5100000|  0%| F|  |TS  0|AC  0|TAMS 0x00000000a5000000, 0x00000000a5000000|
|  61|0x00000000a5100000, 0x00000000a5100000, 0x00000000a5200000|  0%| F|  |TS  0|AC  0|TAMS 0x00000000a5100000, 0x00000000a5100000|
|  62|0x00000000a5200000, 0x00000000a5200000, 0x00000000a5300000|  0%| F|  |TS  0|AC  0|TAMS 0x00000000a5200000, 0x00000000a5200000|
|  63|0x00000000a5300000, 0x00000000a5300000, 0x00000000a5400000|  0%| F|  |TS  0|AC  0|TAMS 0x00000000a5300000, 0x00000000a5300000|
|  64|0x00000000a5400000, 0x00000000a5400000, 0x00000000a5500000|  0%| F|  |TS  0|AC  0|TAMS 0x00000000a5400000, 0x00000000a5400000|
|  65|0x00000000a5500000, 0x00000000a5500000, 0x00000000a5600000|  0%| F|  |TS  0|AC  0|TAMS 0x00000000a5500000, 0x00000000a5500000|
|  66|0x00000000a5600000, 0x00000000a5600000, 0x00000000a5700000|  0%| F|  |TS  0|AC  0|TAMS 0x00000000a5600000, 0x00000000a5600000|
|  67|0x00000000a5700000, 0x00000000a5700000, 0x00000000a5800000|  0%| F|  |TS  0|AC  0|TAMS 0x00000000a5700000, 0x00000000a5700000|
|  68|0x00000000a5800000, 0x00000000a5800000, 0x00000000a5900000|  0%| F|  |TS  0|AC  0|TAMS 0x00000000a5800000, 0x00000000a5800000|
|  69|0x00000000a5900000, 0x00000000a5900000, 0x00000000a5a00000|  0%| F|  |TS  0|AC  0|TAMS 0x00000000a5900000, 0x00000000a5900000|
|  70|0x00000000a5a00000, 0x00000000a5a5daa0, 0x00000000a5b00000| 36%| S|CS|TS  2|AC  0|TAMS 0x00000000a5a00000, 0x00000000a5a00000|
|  71|0x00000000a5b00000, 0x00000000a5c00000, 0x00000000a5c00000|100%| S|CS|TS  2|AC  0|TAMS 0x00000000a5b00000, 0x00000000a5b00000|
|  72|0x00000000a5c00000, 0x00000000a5c00000, 0x00000000a5d00000|  0%| F|  |TS  2|AC  0|TAMS 0x00000000a5c00000, 0x00000000a5c00000|
|  73|0x00000000a5d00000, 0x00000000a5d00000, 0x00000000a5e00000|  0%| F|  |TS  2|AC  0|TAMS 0x00000000a5d00000, 0x00000000a5d00000|
|  74|0x00000000a5e00000, 0x00000000a5e00000, 0x00000000a5f00000|  0%| F|  |TS  2|AC  0|TAMS 0x00000000a5e00000, 0x00000000a5e00000|
|  75|0x00000000a5f00000, 0x00000000a5f00000, 0x00000000a6000000|  0%| F|  |TS  2|AC  0|TAMS 0x00000000a5f00000, 0x00000000a5f00000|
|  76|0x00000000a6000000, 0x00000000a6000000, 0x00000000a6100000|  0%| F|  |TS  2|AC  0|TAMS 0x00000000a6000000, 0x00000000a6000000|
|  77|0x00000000a6100000, 0x00000000a6100000, 0x00000000a6200000|  0%| F|  |TS  2|AC  0|TAMS 0x00000000a6100000, 0x00000000a6100000|
|  78|0x00000000a6200000, 0x00000000a6200000, 0x00000000a6300000|  0%| F|  |TS  2|AC  0|TAMS 0x00000000a6200000, 0x00000000a6200000|
|  79|0x00000000a6300000, 0x00000000a6300000, 0x00000000a6400000|  0%| F|  |TS  2|AC  0|TAMS 0x00000000a6300000, 0x00000000a6300000|
|  80|0x00000000a6400000, 0x00000000a6400000, 0x00000000a6500000|  0%| F|  |TS  2|AC  0|TAMS 0x00000000a6400000, 0x00000000a6400000|
|  81|0x00000000a6500000, 0x00000000a6500000, 0x00000000a6600000|  0%| F|  |TS  2|AC  0|TAMS 0x00000000a6500000, 0x00000000a6500000|
|  82|0x00000000a6600000, 0x00000000a6600000, 0x00000000a6700000|  0%| F|  |TS  2|AC  0|TAMS 0x00000000a6600000, 0x00000000a6600000|
|  83|0x00000000a6700000, 0x00000000a6700000, 0x00000000a6800000|  0%| F|  |TS  2|AC  0|TAMS 0x00000000a6700000, 0x00000000a6700000|
|  84|0x00000000a6800000, 0x00000000a6800000, 0x00000000a6900000|  0%| F|  |TS  2|AC  0|TAMS 0x00000000a6800000, 0x00000000a6800000|
|  85|0x00000000a6900000, 0x00000000a6900000, 0x00000000a6a00000|  0%| F|  |TS  2|AC  0|TAMS 0x00000000a6900000, 0x00000000a6900000|
|  86|0x00000000a6a00000, 0x00000000a6a00000, 0x00000000a6b00000|  0%| F|  |TS  2|AC  0|TAMS 0x00000000a6a00000, 0x00000000a6a00000|
|  87|0x00000000a6b00000, 0x00000000a6b00000, 0x00000000a6c00000|  0%| F|  |TS  2|AC  0|TAMS 0x00000000a6b00000, 0x00000000a6b00000|
|  88|0x00000000a6c00000, 0x00000000a6c00000, 0x00000000a6d00000|  0%| F|  |TS  2|AC  0|TAMS 0x00000000a6c00000, 0x00000000a6c00000|
|  89|0x00000000a6d00000, 0x00000000a6d00000, 0x00000000a6e00000|  0%| F|  |TS  2|AC  0|TAMS 0x00000000a6d00000, 0x00000000a6d00000|
|  90|0x00000000a6e00000, 0x00000000a6e00000, 0x00000000a6f00000|  0%| F|  |TS  2|AC  0|TAMS 0x00000000a6e00000, 0x00000000a6e00000|
|  91|0x00000000a6f00000, 0x00000000a6f00000, 0x00000000a7000000|  0%| F|  |TS  2|AC  0|TAMS 0x00000000a6f00000, 0x00000000a6f00000|
|  92|0x00000000a7000000, 0x00000000a7000000, 0x00000000a7100000|  0%| F|  |TS  2|AC  0|TAMS 0x00000000a7000000, 0x00000000a7000000|
|  93|0x00000000a7100000, 0x00000000a7100000, 0x00000000a7200000|  0%| F|  |TS  2|AC  0|TAMS 0x00000000a7100000, 0x00000000a7100000|
|  94|0x00000000a7200000, 0x00000000a72e4f08, 0x00000000a7300000| 89%| E|  |TS  2|AC  0|TAMS 0x00000000a7200000, 0x00000000a7200000|
|  95|0x00000000a7300000, 0x00000000a7400000, 0x00000000a7400000|100%| E|CS|TS  2|AC  0|TAMS 0x00000000a7300000, 0x00000000a7300000|

Card table byte_map: [0x0000023550710000,0x0000023550a10000] byte_map_base: 0x0000023550206000

Marking Bits (Prev, Next): (CMBitMap*) 0x00000235342db8e0, (CMBitMap*) 0x00000235342db918
 Prev Bits: [0x0000023550d10000, 0x00000235524c0000)
 Next Bits: [0x00000235524c0000, 0x0000023553c70000)

Polling page: 0x0000023534220000

CodeHeap 'non-profiled nmethods': size=120064Kb used=603Kb max_used=608Kb free=119460Kb
 bounds [0x00000235488b0000, 0x0000023548b20000, 0x000002354fdf0000]
CodeHeap 'profiled nmethods': size=120000Kb used=2752Kb max_used=2867Kb free=117247Kb
 bounds [0x0000023541380000, 0x0000023541650000, 0x00000235488b0000]
CodeHeap 'non-nmethods': size=5696Kb used=1231Kb max_used=1244Kb free=4464Kb
 bounds [0x0000023540df0000, 0x0000023541060000, 0x0000023541380000]
 total_blobs=2516 nmethods=1514 adapters=520
 compilation: enabled

Compilation events (10 events):
Event: 7.907 Thread 0x00000235562fd000 1599       4       java.lang.StringBuilder::<init> (7 bytes)
Event: 7.907 Thread 0x0000023556301000 1600       3       java.lang.ref.Cleaner::register (25 bytes)
Event: 7.907 Thread 0x0000023556301000 nmethod 1600 0x00000235413b9a10 code [0x00000235413b9c20, 0x00000235413ba1b0]
Event: 7.907 Thread 0x0000023556301000 1601       3       jdk.internal.ref.CleanerImpl$PhantomCleanableRef::<init> (12 bytes)
Event: 7.908 Thread 0x0000023556301000 nmethod 1601 0x00000235413b9590 code [0x00000235413b9760, 0x00000235413b9970]
Event: 7.908 Thread 0x0000023556301000 1602       1       java.security.ProtectionDomain::getCodeSource (5 bytes)
Event: 7.908 Thread 0x0000023556301000 nmethod 1602 0x00000235488fbd10 code [0x00000235488fbec0, 0x00000235488fbfd8]
Event: 7.909 Thread 0x00000235562fd000 nmethod 1599 0x00000235488fb910 code [0x00000235488fbaa0, 0x00000235488fbc78]
Event: 10.794 Thread 0x0000023556301000 1603       3       sun.awt.windows.WGlobalCursorManager::getCursorManager (20 bytes)
Event: 10.794 Thread 0x0000023556301000 nmethod 1603 0x00000235413c0590 code [0x00000235413c07a0, 0x00000235413c0df8]

GC Heap History (4 events):
Event: 0.798 GC heap before
{Heap before GC invocations=0 (full 0):
 garbage-first heap   total 98304K, used 23552K [0x00000000a1400000, 0x0000000100000000)
  region size 1024K, 14 young (14336K), 0 survivors (0K)
 Metaspace       used 12373K, capacity 12660K, committed 12928K, reserved 1060864K
  class space    used 1229K, capacity 1386K, committed 1408K, reserved 1048576K
}
Event: 0.805 GC heap after
{Heap after GC invocations=1 (full 0):
 garbage-first heap   total 98304K, used 11857K [0x00000000a1400000, 0x0000000100000000)
  region size 1024K, 2 young (2048K), 2 survivors (2048K)
 Metaspace       used 12373K, capacity 12660K, committed 12928K, reserved 1060864K
  class space    used 1229K, capacity 1386K, committed 1408K, reserved 1048576K
}
Event: 5.396 GC heap before
{Heap before GC invocations=1 (full 0):
 garbage-first heap   total 98304K, used 55889K [0x00000000a1400000, 0x0000000100000000)
  region size 1024K, 24 young (24576K), 2 survivors (2048K)
 Metaspace       used 19079K, capacity 19465K, committed 19712K, reserved 1067008K
  class space    used 2078K, capacity 2264K, committed 2304K, reserved 1048576K
}
Event: 5.404 GC heap after
{Heap after GC invocations=2 (full 0):
 garbage-first heap   total 98304K, used 29598K [0x00000000a1400000, 0x0000000100000000)
  region size 1024K, 2 young (2048K), 2 survivors (2048K)
 Metaspace       used 19079K, capacity 19465K, committed 19712K, reserved 1067008K
  class space    used 2078K, capacity 2264K, committed 2304K, reserved 1048576K
}

Deoptimization events (10 events):
Event: 0.847 Thread 0x00000235571d1000 Uncommon trap: reason=unstable_if action=reinterpret pc=0x00000235488fd3c0 method=sun.awt.image.PNGImageDecoder.produceImage()V @ 867 c2
Event: 0.854 Thread 0x0000023534265000 Uncommon trap: reason=unstable_if action=reinterpret pc=0x00000235488ebf88 method=java.lang.ref.SoftReference.get()Ljava/lang/Object; @ 17 c2
Event: 1.171 Thread 0x0000023534265000 Uncommon trap: reason=unstable_if action=reinterpret pc=0x00000235488eb90c method=java.lang.StringUTF16.compress([CI[BII)I @ 20 c2
Event: 1.244 Thread 0x0000023534265000 Uncommon trap: reason=unstable_if action=reinterpret pc=0x00000235489174a8 method=java.util.HashMap.putVal(ILjava/lang/Object;Ljava/lang/Object;ZZ)Ljava/lang/Object; @ 181 c2
Event: 2.038 Thread 0x0000023534265000 Uncommon trap: reason=bimorphic_or_optimized_type_check action=maybe_recompile pc=0x0000023548914818 method=java.util.HashMap.getNode(ILjava/lang/Object;)Ljava/util/HashMap$Node; @ 126 c2
Event: 2.040 Thread 0x0000023534265000 Uncommon trap: reason=bimorphic_or_optimized_type_check action=maybe_recompile pc=0x0000023548914818 method=java.util.HashMap.getNode(ILjava/lang/Object;)Ljava/util/HashMap$Node; @ 126 c2
Event: 2.040 Thread 0x0000023534265000 Uncommon trap: reason=bimorphic_or_optimized_type_check action=maybe_recompile pc=0x0000023548914818 method=java.util.HashMap.getNode(ILjava/lang/Object;)Ljava/util/HashMap$Node; @ 126 c2
Event: 2.430 Thread 0x00000235571d3800 Uncommon trap: reason=unstable_if action=reinterpret pc=0x0000023548918fc0 method=java.util.HashMap.putVal(ILjava/lang/Object;Ljava/lang/Object;ZZ)Ljava/lang/Object; @ 181 c2
Event: 2.664 Thread 0x0000023534265000 Uncommon trap: reason=bimorphic_or_optimized_type_check action=maybe_recompile pc=0x00000235488e4b38 method=java.util.concurrent.ConcurrentHashMap.get(Ljava/lang/Object;)Ljava/lang/Object; @ 149 c2
Event: 2.667 Thread 0x0000023534265000 Uncommon trap: reason=unstable_if action=reinterpret pc=0x0000023548927794 method=java.lang.Math.round(F)I @ 23 c2

Classes redefined (0 events):
No events

Internal exceptions (10 events):
Event: 2.601 Thread 0x0000023534265000 Exception <a 'java/io/FileNotFoundException'{0x00000000a5d45d88}> (0x00000000a5d45d88) thrown at [t:/workspace/open/src/hotspot/share/prims/jni.cpp, line 611]
Event: 2.613 Thread 0x0000023534265000 Exception <a 'java/io/FileNotFoundException'{0x00000000a5d659d0}> (0x00000000a5d659d0) thrown at [t:/workspace/open/src/hotspot/share/prims/jni.cpp, line 611]
Event: 2.616 Thread 0x0000023534265000 Exception <a 'java/io/FileNotFoundException'{0x00000000a5d735c8}> (0x00000000a5d735c8) thrown at [t:/workspace/open/src/hotspot/share/prims/jni.cpp, line 611]
Event: 2.634 Thread 0x0000023534265000 Exception <a 'java/io/FileNotFoundException'{0x00000000a5da2c00}> (0x00000000a5da2c00) thrown at [t:/workspace/open/src/hotspot/share/prims/jni.cpp, line 611]
Event: 2.634 Thread 0x0000023534265000 Exception <a 'java/io/FileNotFoundException'{0x00000000a5da4190}> (0x00000000a5da4190) thrown at [t:/workspace/open/src/hotspot/share/prims/jni.cpp, line 611]
Event: 2.636 Thread 0x0000023534265000 Exception <a 'java/io/FileNotFoundException'{0x00000000a5dada80}> (0x00000000a5dada80) thrown at [t:/workspace/open/src/hotspot/share/prims/jni.cpp, line 611]
Event: 2.637 Thread 0x0000023534265000 Exception <a 'java/io/FileNotFoundException'{0x00000000a5daf010}> (0x00000000a5daf010) thrown at [t:/workspace/open/src/hotspot/share/prims/jni.cpp, line 611]
Event: 2.643 Thread 0x0000023534265000 Exception <a 'java/io/FileNotFoundException'{0x00000000a5dbecc8}> (0x00000000a5dbecc8) thrown at [t:/workspace/open/src/hotspot/share/prims/jni.cpp, line 611]
Event: 2.648 Thread 0x0000023534265000 Exception <a 'java/io/FileNotFoundException'{0x00000000a5dd5820}> (0x00000000a5dd5820) thrown at [t:/workspace/open/src/hotspot/share/prims/jni.cpp, line 611]
Event: 2.660 Thread 0x0000023534265000 Exception <a 'java/io/FileNotFoundException'{0x00000000a5c00048}> (0x00000000a5c00048) thrown at [t:/workspace/open/src/hotspot/share/prims/jni.cpp, line 611]

Events (10 events):
Event: 7.904 loading class jssc/SerialPort
Event: 7.904 loading class jssc/SerialPort done
Event: 7.906 loading class java/lang/SecurityException
Event: 7.906 loading class java/lang/SecurityException done
Event: 7.906 loading class jssc/SerialPortTimeoutException
Event: 7.906 loading class jssc/SerialPortTimeoutException done
Event: 7.906 loading class jssc/SerialPort$EventThread
Event: 7.906 loading class jssc/SerialPort$EventThread done
Event: 7.907 loading class jssc/SerialPort$LinuxEventThread
Event: 7.907 loading class jssc/SerialPort$LinuxEventThread done


Dynamic libraries:
0x00007ff628e60000 - 0x00007ff628e9e000 	C:\Program Files\Java\jdk-10.0.2\bin\java.exe
0x00007ff82a880000 - 0x00007ff82aa6d000 	C:\WINDOWS\SYSTEM32\ntdll.dll
0x00007ff81ecb0000 - 0x00007ff81ecc2000 	C:\Program Files\AVAST Software\Avast\aswhook.dll
0x00007ff827c20000 - 0x00007ff827cd3000 	C:\WINDOWS\System32\KERNEL32.DLL
0x00007ff826de0000 - 0x00007ff827073000 	C:\WINDOWS\System32\KERNELBASE.dll
0x00007ff828760000 - 0x00007ff828803000 	C:\WINDOWS\System32\ADVAPI32.dll
0x00007ff828520000 - 0x00007ff8285be000 	C:\WINDOWS\System32\msvcrt.dll
0x00007ff827b10000 - 0x00007ff827bae000 	C:\WINDOWS\System32\sechost.dll
0x00007ff829e40000 - 0x00007ff829f62000 	C:\WINDOWS\System32\RPCRT4.dll
0x00007ff82a600000 - 0x00007ff82a797000 	C:\WINDOWS\System32\USER32.dll
0x00007ff826be0000 - 0x00007ff826c00000 	C:\WINDOWS\System32\win32u.dll
0x00007ff82a5d0000 - 0x00007ff82a5f9000 	C:\WINDOWS\System32\GDI32.dll
0x00007ff826a40000 - 0x00007ff826bda000 	C:\WINDOWS\System32\gdi32full.dll
0x00007ff826980000 - 0x00007ff826a20000 	C:\WINDOWS\System32\msvcp_win.dll
0x00007ff8279b0000 - 0x00007ff827aaa000 	C:\WINDOWS\System32\ucrtbase.dll
0x00007ff818c50000 - 0x00007ff818ec9000 	C:\WINDOWS\WinSxS\amd64_microsoft.windows.common-controls_6595b64144ccf1df_6.0.17763.437_none_05b63dca071e5dd6\COMCTL32.dll
0x00007ff827ea0000 - 0x00007ff8281cc000 	C:\WINDOWS\System32\combase.dll
0x00007ff826c60000 - 0x00007ff826cde000 	C:\WINDOWS\System32\bcryptPrimitives.dll
0x00007ff81be80000 - 0x00007ff81be8a000 	C:\WINDOWS\SYSTEM32\VERSION.dll
0x00007ff828820000 - 0x00007ff82884e000 	C:\WINDOWS\System32\IMM32.DLL
0x00007ff817830000 - 0x00007ff81791f000 	C:\Program Files\Java\jdk-10.0.2\bin\msvcr120.dll
0x00007ff816360000 - 0x00007ff816406000 	C:\Program Files\Java\jdk-10.0.2\bin\msvcp120.dll
0x00000000544e0000 - 0x0000000054f50000 	C:\Program Files\Java\jdk-10.0.2\bin\server\jvm.dll
0x00007ff827e90000 - 0x00007ff827e98000 	C:\WINDOWS\System32\PSAPI.DLL
0x00007ff814080000 - 0x00007ff814089000 	C:\WINDOWS\SYSTEM32\WSOCK32.dll
0x00007ff827bb0000 - 0x00007ff827c1d000 	C:\WINDOWS\System32\WS2_32.dll
0x00007ff824440000 - 0x00007ff824464000 	C:\WINDOWS\SYSTEM32\WINMM.dll
0x00007ff8242f0000 - 0x00007ff82431d000 	C:\WINDOWS\SYSTEM32\WINMMBASE.dll
0x00007ff826ce0000 - 0x00007ff826d2a000 	C:\WINDOWS\System32\cfgmgr32.dll
0x00007ff8190b0000 - 0x00007ff8190bf000 	C:\Program Files\Java\jdk-10.0.2\bin\verify.dll
0x00007ff812ea0000 - 0x00007ff81308d000 	C:\WINDOWS\SYSTEM32\DBGHELP.DLL
0x00007ff812dd0000 - 0x00007ff812dfa000 	C:\WINDOWS\SYSTEM32\dbgcore.DLL
0x00007ff816b40000 - 0x00007ff816b67000 	C:\Program Files\Java\jdk-10.0.2\bin\java.dll
0x00007ff817810000 - 0x00007ff817826000 	C:\Program Files\Java\jdk-10.0.2\bin\zip.dll
0x00007ff818770000 - 0x00007ff81877a000 	C:\Program Files\Java\jdk-10.0.2\bin\jimage.dll
0x00007ff828950000 - 0x00007ff829e40000 	C:\WINDOWS\System32\SHELL32.dll
0x00007ff82a040000 - 0x00007ff82a0e8000 	C:\WINDOWS\System32\shcore.dll
0x00007ff827080000 - 0x00007ff8277ca000 	C:\WINDOWS\System32\windows.storage.dll
0x00007ff826900000 - 0x00007ff826924000 	C:\WINDOWS\System32\profapi.dll
0x00007ff8268a0000 - 0x00007ff8268fd000 	C:\WINDOWS\System32\powrprof.dll
0x00007ff828700000 - 0x00007ff828752000 	C:\WINDOWS\System32\shlwapi.dll
0x00007ff826880000 - 0x00007ff826891000 	C:\WINDOWS\System32\kernel.appcore.dll
0x00007ff826a20000 - 0x00007ff826a37000 	C:\WINDOWS\System32\cryptsp.dll
0x00007ff816b20000 - 0x00007ff816b3a000 	C:\Program Files\Java\jdk-10.0.2\bin\net.dll
0x00007ff81ee80000 - 0x00007ff81ef71000 	C:\WINDOWS\SYSTEM32\WINHTTP.dll
0x00007ff8260a0000 - 0x00007ff826107000 	C:\WINDOWS\system32\mswsock.dll
0x00007ff816b00000 - 0x00007ff816b11000 	C:\Program Files\Java\jdk-10.0.2\bin\nio.dll
0x00007ffff2420000 - 0x00007ffff25bb000 	C:\Program Files\Java\jdk-10.0.2\bin\awt.dll
0x00007ff829f70000 - 0x00007ff82a034000 	C:\WINDOWS\System32\OLEAUT32.dll
0x00007ff8231d0000 - 0x00007ff82378e000 	C:\WINDOWS\SYSTEM32\d2d1.dll
0x00007ff8245b0000 - 0x00007ff82463c000 	C:\WINDOWS\SYSTEM32\apphelp.dll
0x00007ff8252b0000 - 0x00007ff8252de000 	C:\WINDOWS\system32\DWMAPI.DLL
0x00007ff8277d0000 - 0x00007ff8279ab000 	C:\WINDOWS\System32\CRYPT32.dll
0x00007ff826930000 - 0x00007ff826942000 	C:\WINDOWS\System32\MSASN1.dll
0x00007ff824e20000 - 0x00007ff824ebc000 	C:\WINDOWS\system32\uxtheme.dll
0x00007ffff8c80000 - 0x00007ffff8da7000 	C:\WINDOWS\system32\opengl32.dll
0x00007ffff8f00000 - 0x00007ffff8f2c000 	C:\WINDOWS\SYSTEM32\GLU32.dll
0x00007ff828350000 - 0x00007ff8284ba000 	C:\WINDOWS\System32\MSCTF.dll
0x00007ff8281f0000 - 0x00007ff828345000 	C:\WINDOWS\System32\ole32.dll
0x00007fffeca40000 - 0x00007fffecae9000 	C:\WINDOWS\WinSxS\amd64_microsoft.windows.common-controls_6595b64144ccf1df_5.82.17763.437_none_10e1b4706430bd3b\comctl32.dll
0x00007ff816180000 - 0x00007ff8161e5000 	C:\Program Files\Java\jdk-10.0.2\bin\fontmanager.dll
0x00007ff816ab0000 - 0x00007ff816af2000 	C:\Program Files\Java\jdk-10.0.2\bin\t2k.dll
0x00007ff82a7a0000 - 0x00007ff82a842000 	C:\WINDOWS\System32\clbcatq.dll
0x00007ff822c90000 - 0x00007ff822e38000 	C:\WINDOWS\SYSTEM32\PROPSYS.dll
0x00007ffff0b60000 - 0x00007ffff0c87000 	C:\WINDOWS\system32\NetworkExplorer.dll
0x00007ff814250000 - 0x00007ff81426b000 	C:\WINDOWS\SYSTEM32\MPR.dll
0x00007ff824500000 - 0x00007ff82450b000 	C:\WINDOWS\System32\drprov.dll
0x00007ff826680000 - 0x00007ff8266d8000 	C:\WINDOWS\System32\WINSTA.dll
0x00007ff8244e0000 - 0x00007ff8244f5000 	C:\WINDOWS\System32\ntlanman.dll
0x00007ff822ea0000 - 0x00007ff822ebd000 	C:\WINDOWS\System32\davclnt.dll
0x00007ff822e90000 - 0x00007ff822e9c000 	C:\WINDOWS\System32\DAVHLPR.dll
0x00007ff820820000 - 0x00007ff820837000 	C:\WINDOWS\System32\wkscli.dll
0x00007ff826950000 - 0x00007ff826976000 	C:\WINDOWS\System32\bcrypt.dll
0x00007ff814480000 - 0x00007ff814492000 	C:\WINDOWS\SYSTEM32\cscapi.dll
0x00007ff825f10000 - 0x00007ff825f1e000 	C:\WINDOWS\System32\netutils.dll
0x00007ff805770000 - 0x00007ff8057bb000 	C:\Windows\System32\dlnashext.dll
0x00007ff802430000 - 0x00007ff802494000 	C:\Windows\System32\PlayToDevice.dll
0x00007ff817940000 - 0x00007ff817960000 	C:\Windows\System32\DevDispItemProvider.dll
0x00007ff81c4f0000 - 0x00007ff81c560000 	C:\WINDOWS\System32\MMDevApi.dll
0x00007ff826650000 - 0x00007ff826679000 	C:\WINDOWS\System32\DEVOBJ.dll
0x00007fffed0a0000 - 0x00007fffed280000 	C:\WINDOWS\system32\wpdshext.dll
0x00007ffff8360000 - 0x00007ffff8505000 	C:\WINDOWS\WinSxS\amd64_microsoft.windows.gdiplus_6595b64144ccf1df_1.1.17763.437_none_36a130af61b0d7a4\gdiplus.dll
0x00007ff81ddb0000 - 0x00007ff81de4f000 	C:\Windows\System32\PortableDeviceApi.dll
0x00007ff82a150000 - 0x00007ff82a5c6000 	C:\WINDOWS\System32\SETUPAPI.dll
0x00007ff826c00000 - 0x00007ff826c59000 	C:\WINDOWS\System32\WINTRUST.dll
0x00007ffff8320000 - 0x00007ffff8357000 	C:\Windows\System32\EhStorShell.dll
0x00007ff80c840000 - 0x00007ff80c865000 	C:\Windows\System32\EhStorAPI.dll
0x00007ff822e70000 - 0x00007ff822e83000 	C:\Windows\System32\WTSAPI32.dll
0x00007ff8040b0000 - 0x00007ff8040db000 	C:\Program Files\Java\jdk-10.0.2\bin\javajpeg.dll
0x00007ff8220e0000 - 0x00007ff822298000 	C:\WINDOWS\SYSTEM32\WindowsCodecs.dll
0x00007ffffabb0000 - 0x00007ffffac06000 	C:\WINDOWS\system32\dataexchange.dll
0x00007ff822f50000 - 0x00007ff8231ce000 	C:\WINDOWS\system32\d3d11.dll
0x00007ff823cb0000 - 0x00007ff823e73000 	C:\WINDOWS\system32\dcomp.dll
0x00007ff8256d0000 - 0x00007ff825792000 	C:\WINDOWS\system32\dxgi.dll
0x00007ff824f70000 - 0x00007ff82517d000 	C:\WINDOWS\system32\twinapi.appcore.dll
0x00007ff825180000 - 0x00007ff8251a8000 	C:\WINDOWS\system32\RMCLIENT.dll
0x00007ff81c2f0000 - 0x00007ff81c385000 	C:\WINDOWS\System32\TextInputFramework.dll
0x00007ff822460000 - 0x00007ff822782000 	C:\WINDOWS\System32\CoreUIComponents.dll
0x00007ff823e90000 - 0x00007ff823f72000 	C:\WINDOWS\System32\CoreMessaging.dll
0x00007ff825940000 - 0x00007ff825971000 	C:\WINDOWS\SYSTEM32\ntmarta.dll
0x00007ff8222d0000 - 0x00007ff822423000 	C:\WINDOWS\SYSTEM32\wintypes.dll
0x0000000071100000 - 0x0000000071125000 	C:\Users\Luis\.jssc\windows\jSSC-2.8_x86_64.dll

dbghelp: loaded successfully - version: 4.0.5 - missing functions: none
symbol engine: initialized successfully - sym options: 0x614 - pdb path: .;C:\Program Files\Java\jdk-10.0.2\bin;C:\WINDOWS\SYSTEM32;C:\Program Files\AVAST Software\Avast;C:\WINDOWS\WinSxS\amd64_microsoft.windows.common-controls_6595b64144ccf1df_6.0.17763.437_none_05b63dca071e5dd6;C:\Program Files\Java\jdk-10.0.2\bin\server;C:\WINDOWS\WinSxS\amd64_microsoft.windows.common-controls_6595b64144ccf1df_5.82.17763.437_none_10e1b4706430bd3b;C:\WINDOWS\WinSxS\amd64_microsoft.windows.gdiplus_6595b64144ccf1df_1.1.17763.437_none_36a130af61b0d7a4;C:\Users\Luis\.jssc\windows

VM Arguments:
jvm_args: -Dfile.encoding=UTF-8 
java_command: Ventanas.Principal
java_class_path (initial): C:\Users\Luis\Documents\NetBeansProjects\The Voice Of Braille\src\Librerias\cgjsapi.jar;C:\Users\Luis\Documents\NetBeansProjects\The Voice Of Braille\src\Librerias\PanamaHitek_Arduino-3.0.0.jar;C:\Users\Luis\Documents\NetBeansProjects\The Voice Of Braille\build\classes
Launcher Type: SUN_STANDARD

Logging:
Log output configuration:
#0: stdout all=warning uptime,level,tags
#1: stderr all=off uptime,level,tags

Environment Variables:
PATH=C:\Program Files (x86)\NVIDIA Corporation\PhysX\Common;C:\WINDOWS\system32;C:\WINDOWS;C:\WINDOWS\System32\Wbem;C:\WINDOWS\System32\WindowsPowerShell\v1.0\;C:\WINDOWS\System32\OpenSSH\;C:\Program Files (x86)\Microsoft ASP.NET\ASP.NET Web Pages\v1.0\;C:\Program Files (x86)\PrimeSense\NITE\bin;C:\Program Files (x86)\Microsoft SQL Server\100\Tools\Binn\;C:\Program Files\Microsoft SQL Server\100\Tools\Binn\;C:\Program Files\Microsoft SQL Server\100\DTS\Binn\;C:\DEV\opencv\2.3.1\build\bin\Debug;C:\DEV\opencv\2.3.1\build\bin\Release;C:\WINDOWS\system32;C:\WINDOWS;C:\WINDOWS\System32\Wbem;C:\WINDOWS\System32\WindowsPowerShell\v1.0\;C:\WINDOWS\System32\OpenSSH\;C:\Program Files\dotnet\;C:\Program Files\Microsoft SQL Server\130\Tools\Binn\;C:\Users\Luis\AppData\Local\Microsoft\WindowsApps;C:\Users\Luis\AppData\Local\GitHubDesktop\bin
USERNAME=Luis
OS=Windows_NT
PROCESSOR_IDENTIFIER=Intel64 Family 6 Model 61 Stepping 4, GenuineIntel



---------------  S Y S T E M  ---------------

OS: Windows 10 , 64 bit Build 17763 (10.0.17763.437)

CPU:total 4 (initial active 4) (2 cores per cpu, 2 threads per core) family 6 model 61 stepping 4, cmov, cx8, fxsr, mmx, sse, sse2, sse3, ssse3, sse4.1, sse4.2, popcnt, avx, avx2, aes, clmul, erms, 3dnowpref, lzcnt, ht, tsc, tscinvbit, bmi1, bmi2, adx, fma

Memory: 4k page, physical 6208448k(1037396k free), swap 12499904k(6676828k free)

vm_info: Java HotSpot(TM) 64-Bit Server VM (10.0.2+13) for windows-amd64 JRE (10.0.2+13), built on Jun 28 2018 01:57:56 by "mach5one" with MS VC++ 12.0 (VS2013)

END.
